<?xml version="1.0" encoding="UTF-8"?>
<!-- Generated by org.testng.reporters.JUnitReportReporter -->
<testsuite skipped="0" hostname="DESKTOP-OHS688V" name="RestAssuredUdemy.SumValidation" tests="1" failures="0" timestamp="2022-01-30T09:11:30 CST" time="3.046" errors="0">
  <testcase name="sumOfCourses" time="3.046" classname="RestAssuredUdemy.SumValidation"/>
  <system-out/>
</testsuite> <!-- RestAssuredUdemy.SumValidation -->
