<?xml version="1.0" encoding="UTF-8"?>
<!-- Generated by org.testng.reporters.JUnitReportReporter -->
<testsuite hostname="DESKTOP-OHS688V" failures="0" tests="1" name="chromesession.DyanamicControls" time="2.237" errors="0" timestamp="09 May 2021 04:45:51 GMT" skipped="0">
  <testcase classname="chromesession.DyanamicControls" name="clicksonRemoveButtonusesexplicitewait" time="2.237"/>
</testsuite> <!-- chromesession.DyanamicControls -->
