<?xml version="1.0" encoding="UTF-8"?>
<!-- Generated by org.testng.reporters.JUnitReportReporter -->
<testsuite skipped="0" hostname="DESKTOP-OHS688V" name="RestAssuredUdemy.DynamicJson" tests="6" failures="0" timestamp="2022-01-30T19:49:13 CST" time="7.254" errors="0">
  <testcase name="get" time="0.002" classname="RestAssuredUdemy.DynamicJson"/>
  <system-out/>
  <testcase name="addBook" time="0.683" classname="RestAssuredUdemy.DynamicJson"/>
  <system-out/>
  <testcase name="addBook" time="5.835" classname="RestAssuredUdemy.DynamicJson"/>
  <system-out/>
  <testcase name="get" time="0.004" classname="RestAssuredUdemy.DynamicJson"/>
  <system-out/>
  <testcase name="get" time="0.002" classname="RestAssuredUdemy.DynamicJson"/>
  <system-out/>
  <testcase name="addBook" time="0.728" classname="RestAssuredUdemy.DynamicJson"/>
  <system-out/>
</testsuite> <!-- RestAssuredUdemy.DynamicJson -->
